sqlite based history database found! Copying...
From https://github.com/adamcstorm/V0.3599_Klipper
 * branch            main       -> FETCH_HEAD
Already up to date.
[main d765138] Autocommit from 2024-12-12 16:41:31
 2 files changed, 4 insertions(+)
 create mode 100644 Archive/GitHub_Backup.log
To https://github.com/adamcstorm/V0.3599_Klipper.git
   b7076ae..d765138  main -> main
sqlite based history database found! Copying...
From https://github.com/adamcstorm/V0.3599_Klipper
 * branch            main       -> FETCH_HEAD
Already up to date.
[main 4fff52b] Autocommit from 2024-12-12 16:45:02
 1 file changed, 9 insertions(+)
To https://github.com/adamcstorm/V0.3599_Klipper.git
   d765138..4fff52b  main -> main
sqlite based history database found! Copying...
From https://github.com/adamcstorm/V0.3599_Klipper
 * branch            main       -> FETCH_HEAD
Already up to date.
[main b54b581] Autocommit from 2024-12-12 18:00:01
 1 file changed, 8 insertions(+)
To https://github.com/adamcstorm/V0.3599_Klipper.git
   4fff52b..b54b581  main -> main
sqlite based history database found! Copying...
From https://github.com/adamcstorm/V0.3599_Klipper
 * branch            main       -> FETCH_HEAD
Already up to date.
[main e613825] Autocommit from 2024-12-12 18:01:02
 1 file changed, 8 insertions(+)
To https://github.com/adamcstorm/V0.3599_Klipper.git
   b54b581..e613825  main -> main
sqlite based history database found! Copying...
From https://github.com/adamcstorm/V0.3599_Klipper
 * branch            main       -> FETCH_HEAD
Already up to date.
[main ce9ce8d] Autocommit from 2024-12-12 18:02:02
 1 file changed, 8 insertions(+)
To https://github.com/adamcstorm/V0.3599_Klipper.git
   e613825..ce9ce8d  main -> main
sqlite based history database found! Copying...
From https://github.com/adamcstorm/V0.3599_Klipper
 * branch            main       -> FETCH_HEAD
Already up to date.
[main 16ba02b] Autocommit from 2024-12-12 18:03:02
 1 file changed, 8 insertions(+)
To https://github.com/adamcstorm/V0.3599_Klipper.git
   ce9ce8d..16ba02b  main -> main
sqlite based history database found! Copying...
From https://github.com/adamcstorm/V0.3599_Klipper
 * branch            main       -> FETCH_HEAD
Already up to date.
[main d23aeb4] Autocommit from 2024-12-12 18:04:02
 1 file changed, 8 insertions(+)
To https://github.com/adamcstorm/V0.3599_Klipper.git
   16ba02b..d23aeb4  main -> main
sqlite based history database found! Copying...
From https://github.com/adamcstorm/V0.3599_Klipper
 * branch            main       -> FETCH_HEAD
Already up to date.
[main 9311791] Autocommit from 2024-12-12 18:05:02
 1 file changed, 8 insertions(+)
To https://github.com/adamcstorm/V0.3599_Klipper.git
   d23aeb4..9311791  main -> main
sqlite based history database found! Copying...
From https://github.com/adamcstorm/V0.3599_Klipper
 * branch            main       -> FETCH_HEAD
Already up to date.
[main 4d6f032] Autocommit from 2024-12-12 18:06:02
 1 file changed, 8 insertions(+)
To https://github.com/adamcstorm/V0.3599_Klipper.git
   9311791..4d6f032  main -> main
sqlite based history database found! Copying...
From https://github.com/adamcstorm/V0.3599_Klipper
 * branch            main       -> FETCH_HEAD
Already up to date.
[main ed6056a] Autocommit from 2024-12-12 18:07:02
 1 file changed, 8 insertions(+)
To https://github.com/adamcstorm/V0.3599_Klipper.git
   4d6f032..ed6056a  main -> main
sqlite based history database found! Copying...
From https://github.com/adamcstorm/V0.3599_Klipper
 * branch            main       -> FETCH_HEAD
Already up to date.
[main 7cdfe76] Autocommit from 2024-12-12 18:08:02
 1 file changed, 8 insertions(+)
To https://github.com/adamcstorm/V0.3599_Klipper.git
   ed6056a..7cdfe76  main -> main
sqlite based history database found! Copying...
From https://github.com/adamcstorm/V0.3599_Klipper
 * branch            main       -> FETCH_HEAD
Already up to date.
[main 13e37a4] Autocommit from 2024-12-12 18:09:02
 1 file changed, 8 insertions(+)
To https://github.com/adamcstorm/V0.3599_Klipper.git
   7cdfe76..13e37a4  main -> main
sqlite based history database found! Copying...
From https://github.com/adamcstorm/V0.3599_Klipper
 * branch            main       -> FETCH_HEAD
Already up to date.
[main 19888f4] Autocommit from 2024-12-12 18:10:02
 1 file changed, 8 insertions(+)
To https://github.com/adamcstorm/V0.3599_Klipper.git
   13e37a4..19888f4  main -> main
sqlite based history database found! Copying...
From https://github.com/adamcstorm/V0.3599_Klipper
 * branch            main       -> FETCH_HEAD
Already up to date.
[main 7323b72] Autocommit from 2024-12-12 18:11:02
 1 file changed, 8 insertions(+)
To https://github.com/adamcstorm/V0.3599_Klipper.git
   19888f4..7323b72  main -> main
sqlite based history database found! Copying...
From https://github.com/adamcstorm/V0.3599_Klipper
 * branch            main       -> FETCH_HEAD
Already up to date.
[main 7eafee0] Autocommit from 2024-12-12 18:12:02
 1 file changed, 8 insertions(+)
To https://github.com/adamcstorm/V0.3599_Klipper.git
   7323b72..7eafee0  main -> main
sqlite based history database found! Copying...
From https://github.com/adamcstorm/V0.3599_Klipper
 * branch            main       -> FETCH_HEAD
Already up to date.
[main 7f25385] Autocommit from 2024-12-12 18:13:02
 1 file changed, 8 insertions(+)
To https://github.com/adamcstorm/V0.3599_Klipper.git
   7eafee0..7f25385  main -> main
sqlite based history database found! Copying...
From https://github.com/adamcstorm/V0.3599_Klipper
 * branch            main       -> FETCH_HEAD
Already up to date.
[main 1ef341d] Autocommit from 2024-12-12 18:14:02
 1 file changed, 8 insertions(+)
To https://github.com/adamcstorm/V0.3599_Klipper.git
   7f25385..1ef341d  main -> main
sqlite based history database found! Copying...
From https://github.com/adamcstorm/V0.3599_Klipper
 * branch            main       -> FETCH_HEAD
Already up to date.
[main d77629f] Autocommit from 2024-12-12 18:15:01
 1 file changed, 8 insertions(+)
To https://github.com/adamcstorm/V0.3599_Klipper.git
   1ef341d..d77629f  main -> main
sqlite based history database found! Copying...
From https://github.com/adamcstorm/V0.3599_Klipper
 * branch            main       -> FETCH_HEAD
Already up to date.
[main ee790af] Autocommit from 2024-12-12 18:16:02
 1 file changed, 8 insertions(+)
To https://github.com/adamcstorm/V0.3599_Klipper.git
   d77629f..ee790af  main -> main
sqlite based history database found! Copying...
From https://github.com/adamcstorm/V0.3599_Klipper
 * branch            main       -> FETCH_HEAD
Already up to date.
[main b623274] Autocommit from 2024-12-12 18:17:02
 1 file changed, 8 insertions(+)
To https://github.com/adamcstorm/V0.3599_Klipper.git
   ee790af..b623274  main -> main
sqlite based history database found! Copying...
From https://github.com/adamcstorm/V0.3599_Klipper
 * branch            main       -> FETCH_HEAD
Already up to date.
[main 532b3ee] Autocommit from 2024-12-12 18:18:01
 1 file changed, 8 insertions(+)
To https://github.com/adamcstorm/V0.3599_Klipper.git
   b623274..532b3ee  main -> main
sqlite based history database found! Copying...
From https://github.com/adamcstorm/V0.3599_Klipper
 * branch            main       -> FETCH_HEAD
Already up to date.
[main b08749a] Autocommit from 2024-12-12 18:19:02
 1 file changed, 8 insertions(+)
To https://github.com/adamcstorm/V0.3599_Klipper.git
   532b3ee..b08749a  main -> main
sqlite based history database found! Copying...
From https://github.com/adamcstorm/V0.3599_Klipper
 * branch            main       -> FETCH_HEAD
Already up to date.
[main 9037cac] Autocommit from 2024-12-12 18:20:02
 1 file changed, 8 insertions(+)
To https://github.com/adamcstorm/V0.3599_Klipper.git
   b08749a..9037cac  main -> main
sqlite based history database found! Copying...
From https://github.com/adamcstorm/V0.3599_Klipper
 * branch            main       -> FETCH_HEAD
Already up to date.
[main d370c8b] Autocommit from 2024-12-12 18:21:02
 1 file changed, 8 insertions(+)
To https://github.com/adamcstorm/V0.3599_Klipper.git
   9037cac..d370c8b  main -> main
sqlite based history database found! Copying...
From https://github.com/adamcstorm/V0.3599_Klipper
 * branch            main       -> FETCH_HEAD
Already up to date.
[main 182a0c1] Autocommit from 2024-12-12 18:22:02
 1 file changed, 8 insertions(+)
To https://github.com/adamcstorm/V0.3599_Klipper.git
   d370c8b..182a0c1  main -> main
sqlite based history database found! Copying...
From https://github.com/adamcstorm/V0.3599_Klipper
 * branch            main       -> FETCH_HEAD
Already up to date.
[main 505ae26] Autocommit from 2024-12-12 18:23:02
 1 file changed, 8 insertions(+)
To https://github.com/adamcstorm/V0.3599_Klipper.git
   182a0c1..505ae26  main -> main
sqlite based history database found! Copying...
From https://github.com/adamcstorm/V0.3599_Klipper
 * branch            main       -> FETCH_HEAD
Already up to date.
[main d8db0e6] Autocommit from 2024-12-12 18:24:02
 1 file changed, 8 insertions(+)
To https://github.com/adamcstorm/V0.3599_Klipper.git
   505ae26..d8db0e6  main -> main
sqlite based history database found! Copying...
From https://github.com/adamcstorm/V0.3599_Klipper
 * branch            main       -> FETCH_HEAD
Already up to date.
[main 90aa8ed] Autocommit from 2024-12-12 18:25:02
 1 file changed, 8 insertions(+)
To https://github.com/adamcstorm/V0.3599_Klipper.git
   d8db0e6..90aa8ed  main -> main
sqlite based history database found! Copying...
From https://github.com/adamcstorm/V0.3599_Klipper
 * branch            main       -> FETCH_HEAD
Already up to date.
[main ddd0c79] Autocommit from 2024-12-12 18:26:02
 1 file changed, 8 insertions(+)
To https://github.com/adamcstorm/V0.3599_Klipper.git
   90aa8ed..ddd0c79  main -> main
sqlite based history database found! Copying...
From https://github.com/adamcstorm/V0.3599_Klipper
 * branch            main       -> FETCH_HEAD
Already up to date.
[main 1f7b6f2] Autocommit from 2024-12-12 18:27:02
 1 file changed, 8 insertions(+)
To https://github.com/adamcstorm/V0.3599_Klipper.git
   ddd0c79..1f7b6f2  main -> main
sqlite based history database found! Copying...
From https://github.com/adamcstorm/V0.3599_Klipper
 * branch            main       -> FETCH_HEAD
Already up to date.
[main 8a34b74] Autocommit from 2024-12-12 18:28:02
 1 file changed, 8 insertions(+)
To https://github.com/adamcstorm/V0.3599_Klipper.git
   1f7b6f2..8a34b74  main -> main
sqlite based history database found! Copying...
From https://github.com/adamcstorm/V0.3599_Klipper
 * branch            main       -> FETCH_HEAD
Already up to date.
[main f1f5dc2] Autocommit from 2024-12-12 18:29:02
 1 file changed, 8 insertions(+)
To https://github.com/adamcstorm/V0.3599_Klipper.git
   8a34b74..f1f5dc2  main -> main
sqlite based history database found! Copying...
From https://github.com/adamcstorm/V0.3599_Klipper
 * branch            main       -> FETCH_HEAD
Already up to date.
[main d2b4f21] Autocommit from 2024-12-12 18:30:02
 1 file changed, 8 insertions(+)
To https://github.com/adamcstorm/V0.3599_Klipper.git
   f1f5dc2..d2b4f21  main -> main
sqlite based history database found! Copying...
From https://github.com/adamcstorm/V0.3599_Klipper
 * branch            main       -> FETCH_HEAD
Already up to date.
[main 8b2aa3a] Autocommit from 2024-12-12 18:31:02
 1 file changed, 8 insertions(+)
To https://github.com/adamcstorm/V0.3599_Klipper.git
   d2b4f21..8b2aa3a  main -> main
sqlite based history database found! Copying...
From https://github.com/adamcstorm/V0.3599_Klipper
 * branch            main       -> FETCH_HEAD
Already up to date.
[main f6d26a6] Autocommit from 2024-12-12 18:32:02
 1 file changed, 8 insertions(+)
To https://github.com/adamcstorm/V0.3599_Klipper.git
   8b2aa3a..f6d26a6  main -> main
sqlite based history database found! Copying...
From https://github.com/adamcstorm/V0.3599_Klipper
 * branch            main       -> FETCH_HEAD
Already up to date.
[main 2f976fd] Autocommit from 2024-12-12 18:33:02
 1 file changed, 8 insertions(+)
To https://github.com/adamcstorm/V0.3599_Klipper.git
   f6d26a6..2f976fd  main -> main
sqlite based history database found! Copying...
From https://github.com/adamcstorm/V0.3599_Klipper
 * branch            main       -> FETCH_HEAD
Already up to date.
[main 914f8dd] Autocommit from 2024-12-12 18:34:02
 1 file changed, 8 insertions(+)
To https://github.com/adamcstorm/V0.3599_Klipper.git
   2f976fd..914f8dd  main -> main
sqlite based history database found! Copying...
From https://github.com/adamcstorm/V0.3599_Klipper
 * branch            main       -> FETCH_HEAD
Already up to date.
[main 36067ea] Autocommit from 2024-12-12 18:35:02
 1 file changed, 8 insertions(+)
To https://github.com/adamcstorm/V0.3599_Klipper.git
   914f8dd..36067ea  main -> main
sqlite based history database found! Copying...
From https://github.com/adamcstorm/V0.3599_Klipper
 * branch            main       -> FETCH_HEAD
Already up to date.
[main 3102753] Autocommit from 2024-12-12 18:36:01
 1 file changed, 8 insertions(+)
To https://github.com/adamcstorm/V0.3599_Klipper.git
   36067ea..3102753  main -> main
sqlite based history database found! Copying...
From https://github.com/adamcstorm/V0.3599_Klipper
 * branch            main       -> FETCH_HEAD
Already up to date.
[main 18cfd89] Autocommit from 2024-12-12 18:37:02
 1 file changed, 8 insertions(+)
To https://github.com/adamcstorm/V0.3599_Klipper.git
   3102753..18cfd89  main -> main
sqlite based history database found! Copying...
From https://github.com/adamcstorm/V0.3599_Klipper
 * branch            main       -> FETCH_HEAD
Already up to date.
[main fa5d264] Autocommit from 2024-12-12 18:38:02
 1 file changed, 8 insertions(+)
To https://github.com/adamcstorm/V0.3599_Klipper.git
   18cfd89..fa5d264  main -> main
sqlite based history database found! Copying...
From https://github.com/adamcstorm/V0.3599_Klipper
 * branch            main       -> FETCH_HEAD
Already up to date.
[main 2dacc36] Autocommit from 2024-12-12 18:39:01
 1 file changed, 8 insertions(+)
To https://github.com/adamcstorm/V0.3599_Klipper.git
   fa5d264..2dacc36  main -> main
sqlite based history database found! Copying...
From https://github.com/adamcstorm/V0.3599_Klipper
 * branch            main       -> FETCH_HEAD
Already up to date.
[main cec7de0] Autocommit from 2024-12-12 18:40:02
 1 file changed, 8 insertions(+)
To https://github.com/adamcstorm/V0.3599_Klipper.git
   2dacc36..cec7de0  main -> main
sqlite based history database found! Copying...
From https://github.com/adamcstorm/V0.3599_Klipper
 * branch            main       -> FETCH_HEAD
Already up to date.
[main 771d9ee] Autocommit from 2024-12-12 18:41:02
 1 file changed, 8 insertions(+)
To https://github.com/adamcstorm/V0.3599_Klipper.git
   cec7de0..771d9ee  main -> main
sqlite based history database found! Copying...
From https://github.com/adamcstorm/V0.3599_Klipper
 * branch            main       -> FETCH_HEAD
Already up to date.
[main c687395] Autocommit from 2024-12-12 18:42:02
 1 file changed, 8 insertions(+)
To https://github.com/adamcstorm/V0.3599_Klipper.git
   771d9ee..c687395  main -> main
sqlite based history database found! Copying...
From https://github.com/adamcstorm/V0.3599_Klipper
 * branch            main       -> FETCH_HEAD
Already up to date.
